<?xml version="1.0" encoding="UTF-8"?>
<!-- Generated by org.testng.reporters.JUnitReportReporter -->
<testsuite hostname="LAPTOP-IT30BRU5" failures="0" tests="3" name="com.crm.qa.testcases.LoginPageTest" time="44.837" errors="0" timestamp="2021-03-13T22:37:58 IST" skipped="0">
  <testcase classname="com.crm.qa.testcases.LoginPageTest" name="loginPageTitleTest" time="11.146"/>
  <system-out/>
  <testcase classname="com.crm.qa.testcases.LoginPageTest" name="crmLogoImageTest" time="9.558"/>
  <system-out/>
  <testcase classname="com.crm.qa.testcases.LoginPageTest" name="loginTest" time="24.133"/>
  <system-out/>
</testsuite> <!-- com.crm.qa.testcases.LoginPageTest -->
