<?xml version="1.0" encoding="UTF-8"?>
<!-- Generated by org.testng.reporters.JUnitReportReporter -->
<testsuite hostname="LAPTOP-IT30BRU5" failures="0" tests="5" name="com.crm.qa.testcases.ContactsPageTest" time="83.800" errors="0" timestamp="2021-03-13T22:37:58 IST" skipped="3">
  <testcase classname="com.crm.qa.testcases.ContactsPageTest" name="verifyContactsPageLabel" time="40.998"/>
  <system-out/>
  <testcase classname="com.crm.qa.testcases.ContactsPageTest" name="selectSingleContactsTest" time="42.802"/>
  <system-out/>
  <testcase classname="com.crm.qa.testcases.ContactsPageTest" name="selectMultipleContactsTest">
    <skipped/>
  </testcase> <!-- selectMultipleContactsTest -->
  <system-out/>
  <testcase classname="com.crm.qa.testcases.ContactsPageTest" name="validateCreateNewContact2">
    <skipped/>
  </testcase> <!-- validateCreateNewContact2 -->
  <system-out/>
  <testcase classname="com.crm.qa.testcases.ContactsPageTest" name="validateCreateNewContact">
    <skipped/>
  </testcase> <!-- validateCreateNewContact -->
  <system-out/>
</testsuite> <!-- com.crm.qa.testcases.ContactsPageTest -->
