<?xml version="1.0" encoding="UTF-8"?>
<!-- Generated by org.testng.reporters.JUnitReportReporter -->
<testsuite hostname="LAPTOP-IT30BRU5" failures="0" tests="3" name="com.crm.qa.testcases.HomePageTest" time="80.647" errors="0" timestamp="2021-03-13T22:37:58 IST" skipped="0">
  <testcase classname="com.crm.qa.testcases.HomePageTest" name="verifyHomePageTitleTest" time="23.823"/>
  <system-out/>
  <testcase classname="com.crm.qa.testcases.HomePageTest" name="verifyUserNameTest" time="26.225"/>
  <system-out/>
  <testcase classname="com.crm.qa.testcases.HomePageTest" name="verifyContactsLinkTest" time="30.599"/>
  <system-out/>
</testsuite> <!-- com.crm.qa.testcases.HomePageTest -->
